<?xml version="1.0" encoding="UTF-8"?>
<!-- Generated by org.testng.reporters.JUnitXMLReporter -->
<testsuite ignored="31" hostname="SHIVANGANI" failures="0" tests="1" name="Test" time="195.672" errors="0" timestamp="2024-12-27T17:55:33 IST">
  <testcase classname="uitests.GHGCalculator_WasteGeneratedInOperationsCalculatorPageTests" name="TC012_ValidateAddActivitiesForWastegeneratedInOperations" time="195.485"/>
  <testcase classname="uitests.DataRequestPageTests" name="TC002_ValidateDataRequestsandTasksChips" time="0.0">
    <ignored/>
  </testcase> <!-- TC002_ValidateDataRequestsandTasksChips -->
  <testcase classname="uitests.GHGCalculator_DirectEmissionCalculatorPageTests" name="TC002_ValidateAddActivityForMobileCombustionInScope1Calculator" time="0.0">
    <ignored/>
  </testcase> <!-- TC002_ValidateAddActivityForMobileCombustionInScope1Calculator -->
  <testcase classname="uitests.GHGCalculator_HotelStayCalculatorPageTests" name="TC015_ValidateAddActivityforHotelStay3_6GHGCalculator" time="0.0">
    <ignored/>
  </testcase> <!-- TC015_ValidateAddActivityforHotelStay3_6GHGCalculator -->
  <testcase classname="uitests.GHGCalculatorCapitalGoodsAveragedataPageTests" name="TC008_ValidateAddActivityforCapitalGoodsandSerInScope3_2SpendBasedCalculator" time="0.0">
    <ignored/>
  </testcase> <!-- TC008_ValidateAddActivityforCapitalGoodsandSerInScope3_2SpendBasedCalculator -->
  <testcase classname="uitests.GHGCalculator_FranchisesCalculatorPageTests" name="TC025_ValidateAddActivityforFranchises_InScope3_14Calculator" time="0.0">
    <ignored/>
  </testcase> <!-- TC025_ValidateAddActivityforFranchises_InScope3_14Calculator -->
  <testcase classname="uitests.GHGCalculator_InvestmentsCalculatorPageTests" name="TC028_ValidateAddActivityfor3_15InvestmentsDeptProjectFinancingSpecificMethod" time="0.0">
    <ignored/>
  </testcase> <!-- TC028_ValidateAddActivityfor3_15InvestmentsDeptProjectFinancingSpecificMethod -->
  <testcase classname="uitests.GHGCalculator_DownstreamTransportationDistributionCalculatorPageTests" name="TC019_ValidateAddActivityforDownstreamTransportationandDistribution_InScope3_9Calculator" time="0.0">
    <ignored/>
  </testcase> <!-- TC019_ValidateAddActivityforDownstreamTransportationandDistribution_InScope3_9Calculator -->
  <testcase classname="uitests.GHGCalculator_DirectEmissionCalculatorPageTests" name="TC003_ValidateAddActivityForRefrigerantsandFugitivesInScope1Calculator" time="0.0">
    <ignored/>
  </testcase> <!-- TC003_ValidateAddActivityForRefrigerantsandFugitivesInScope1Calculator -->
  <testcase classname="uitests.GHGCalculator_BusinessTravelCalculatorPageTests" name="TC013_ValidateAddActivitiesForBusinessTravelDistanceBaseMethodCalculator" time="0.0">
    <ignored/>
  </testcase> <!-- TC013_ValidateAddActivitiesForBusinessTravelDistanceBaseMethodCalculator -->
  <testcase classname="uitests.GHGCalculator_InvestmentsCalculatorPageTests" name="TC029_ValidateAddActivityfor3_15InvestmentsDebtProjectFinancingAverageDataMethod" time="0.0">
    <ignored/>
  </testcase> <!-- TC029_ValidateAddActivityfor3_15InvestmentsDebtProjectFinancingAverageDataMethod -->
  <testcase classname="uitests.DataRequestPageTests" name="TC001_ValidateCreateDataRequestFlowsInPulsESG" time="0.0">
    <ignored/>
  </testcase> <!-- TC001_ValidateCreateDataRequestFlowsInPulsESG -->
  <testcase classname="uitests.DataRequestPageTests" name="TC005_ValidateCatalogPeriodAggregationsWithDRFlow" time="0.0">
    <ignored/>
  </testcase> <!-- TC005_ValidateCatalogPeriodAggregationsWithDRFlow -->
  <testcase classname="uitests.GHGCalculator_InDirectEmissionCalculatorPageTests" name="TC004_ValidateAddActivityForInDirectEmissionInScope2Calculator" time="0.0">
    <ignored/>
  </testcase> <!-- TC004_ValidateAddActivityForInDirectEmissionInScope2Calculator -->
  <testcase classname="uitests.GHGCalculator_UpstreamTransportationDistributionCalculatorPageTests" name="TC010_ValidateAddActivityforUpstreamTransportationandDistribution_InScope3_4Calculator" time="0.0">
    <ignored/>
  </testcase> <!-- TC010_ValidateAddActivityforUpstreamTransportationandDistribution_InScope3_4Calculator -->
  <testcase classname="uitests.GHGCalculatorPurchasedGoodServicesCalculatorPageTests" name="TC006_ValidateAddActivityforPurchasedGoodsandSerInScope3_1SpendBasedCalculator" time="0.0">
    <ignored/>
  </testcase> <!-- TC006_ValidateAddActivityforPurchasedGoodsandSerInScope3_1SpendBasedCalculator -->
  <testcase classname="uitests.GHGCalculatorPurchasedGoodServicesCalculatorPageTests" name="TC005_ValidateAddActivityforPurchasedGoodsandSerAveragedataInScope3_1Calculator" time="0.0">
    <ignored/>
  </testcase> <!-- TC005_ValidateAddActivityforPurchasedGoodsandSerAveragedataInScope3_1Calculator -->
  <testcase classname="uitests.DataRequestPageTests" name="TC002_ValidateDataRequestCatalogPublishBlocker" time="0.0">
    <ignored/>
  </testcase> <!-- TC002_ValidateDataRequestCatalogPublishBlocker -->
  <testcase classname="uitests.GHGCalculatorCapitalGoodsAveragedataPageTests" name="TC007_ValidateAddActivityforCapitalGoodsandSerAveragedataInScope3_2Calculator" time="0.0">
    <ignored/>
  </testcase> <!-- TC007_ValidateAddActivityforCapitalGoodsandSerAveragedataInScope3_2Calculator -->
  <testcase classname="uitests.GHGCalculator_HomeOfficeTelecomCalculatorPageTests" name="TC017_ValidateAddActivityforHomeOfficeTelecommuting_InScope3_7Calculator" time="0.0">
    <ignored/>
  </testcase> <!-- TC017_ValidateAddActivityforHomeOfficeTelecommuting_InScope3_7Calculator -->
  <testcase classname="uitests.GHGCalculators_ProcessingofSoldProductCalculatorPageTests" name="TC021_ValidateAddActivityfor3_10PrcessingofSoldProdutcs" time="0.0">
    <ignored/>
  </testcase> <!-- TC021_ValidateAddActivityfor3_10PrcessingofSoldProdutcs -->
  <testcase classname="uitests.GHGCalculator_DirectEmissionCalculatorPageTests" name="TC001_ValidateAddActivityForStationaryCombustionInScope1Calculator" time="0.0">
    <ignored/>
  </testcase> <!-- TC001_ValidateAddActivityForStationaryCombustionInScope1Calculator -->
  <testcase classname="uitests.GHGCalculatorEmployeeCommutingCalculatorPageTests" name="TC016_ValidateAddActivitiesForEmployeeCommutingCalculator" time="0.0">
    <ignored/>
  </testcase> <!-- TC016_ValidateAddActivitiesForEmployeeCommutingCalculator -->
  <testcase classname="uitests.GHGCalculator_BusinessTravelCalculatorPageTests" name="TC014_ValidateAddActivitiesForBusinessTravelSpendBaseMethodCalculator" time="0.0">
    <ignored/>
  </testcase> <!-- TC014_ValidateAddActivitiesForBusinessTravelSpendBaseMethodCalculator -->
  <testcase classname="uitests.GHGCalculator_DownstreamLeasedAssetsCalculatorPageTests" name="TC024_ValidateAddActivityfor3_13DownstreamLeasedAssets" time="0.0">
    <ignored/>
  </testcase> <!-- TC024_ValidateAddActivityfor3_13DownstreamLeasedAssets -->
  <testcase classname="uitests.GHGCalculator_UseofSoldProductCalculatorPageTests" name="TC022_ValidateAddActivityfor3_11UseofSoldProdutcs" time="0.0">
    <ignored/>
  </testcase> <!-- TC022_ValidateAddActivityfor3_11UseofSoldProdutcs -->
  <testcase classname="uitests.GHGCalculator_InvestmentsCalculatorPageTests" name="TC027_ValidateAddActivityfor3_15InvestmentsAveraggeDataMethod" time="0.0">
    <ignored/>
  </testcase> <!-- TC027_ValidateAddActivityfor3_15InvestmentsAveraggeDataMethod -->
  <testcase classname="uitests.GHGCalculators_EndOfLifeTreatmentCalculatorPageTests" name="TC023_ValidateAddActivityforEndOfLifeTreatemtForSoldProductInScope3_12Calculator" time="0.0">
    <ignored/>
  </testcase> <!-- TC023_ValidateAddActivityforEndOfLifeTreatemtForSoldProductInScope3_12Calculator -->
  <testcase classname="uitests.GHGCalculator_FuelAndEnergyRelatedActivitiesCalculatorPageTests" name="TC009_ValidateAddActivityforFuelandEnergyRelatedActivities_InScope3_3Calculator" time="0.0">
    <ignored/>
  </testcase> <!-- TC009_ValidateAddActivityforFuelandEnergyRelatedActivities_InScope3_3Calculator -->
  <testcase classname="uitests.GHGCalculator_InvestmentsCalculatorPageTests" name="TC026_ValidateAddActivityfor3_15InvestmentsSpecificMethod" time="0.0">
    <ignored/>
  </testcase> <!-- TC026_ValidateAddActivityfor3_15InvestmentsSpecificMethod -->
  <testcase classname="uitests.GHGCalculator_UpstreamLeasedAssetsCalculatorPageTests" name="TC018_ValidateAddActivityfor3_8UpstreamLeasedAssets" time="0.0">
    <ignored/>
  </testcase> <!-- TC018_ValidateAddActivityfor3_8UpstreamLeasedAssets -->
  <testcase classname="uitests.DataRequestPageTests" name="TC006_ValidateDataRequestApprovalcompareTasksDetailsAndEventLogs" time="0.0">
    <ignored/>
  </testcase> <!-- TC006_ValidateDataRequestApprovalcompareTasksDetailsAndEventLogs -->
</testsuite> <!-- Test -->
