<?xml version="1.0" encoding="UTF-8"?>
<testng-results ignored="0" total="1" passed="1" failed="0" skipped="0">
  <reporter-output>
  </reporter-output>
  <suite started-at="2024-12-13T16:13:54 IST" name="Default suite" finished-at="2024-12-13T16:16:27 IST" duration-ms="152751">
    <groups>
    </groups>
    <test started-at="2024-12-13T16:13:54 IST" name="Default test" finished-at="2024-12-13T16:16:27 IST" duration-ms="152751">
      <class name="launchscript.LaunchScript">
        <test-method signature="LaunchScript()[pri:0, instance:launchscript.LaunchScript@7d8704ef]" started-at="2024-12-13T16:13:54 IST" name="LaunchScript" finished-at="2024-12-13T16:16:27 IST" duration-ms="152717" status="PASS">
          <reporter-output>
          </reporter-output>
        </test-method> <!-- LaunchScript -->
      </class> <!-- launchscript.LaunchScript -->
    </test> <!-- Default test -->
  </suite> <!-- Default suite -->
</testng-results>
